TN:
SF:src\modules\orders\services\CreateOrderService.ts
FN:21,(anonymous_18)
FN:23,CreateOrderService
FN:35,(anonymous_20)
FN:51,(anonymous_23)
FN:53,(anonymous_24)
FN:60,(anonymous_25)
FN:61,(anonymous_26)
FN:68,(anonymous_27)
FN:71,(anonymous_28)
FN:84,(anonymous_29)
FN:87,(anonymous_30)
FNF:11
FNH:0
FNDA:0,(anonymous_18)
FNDA:0,CreateOrderService
FNDA:0,(anonymous_20)
FNDA:0,(anonymous_23)
FNDA:0,(anonymous_24)
FNDA:0,(anonymous_25)
FNDA:0,(anonymous_26)
FNDA:0,(anonymous_27)
FNDA:0,(anonymous_28)
FNDA:0,(anonymous_29)
FNDA:0,(anonymous_30)
DA:3,0
DA:4,0
DA:21,0
DA:26,0
DA:29,0
DA:32,0
DA:35,0
DA:37,0
DA:39,0
DA:40,0
DA:43,0
DA:47,0
DA:48,0
DA:51,0
DA:53,0
DA:55,0
DA:56,0
DA:59,0
DA:61,0
DA:64,0
DA:65,0
DA:68,0
DA:71,0
DA:75,0
DA:81,0
DA:84,0
DA:87,0
DA:90,0
DA:92,0
DA:95,0
DA:97,0
LF:31
LH:0
BRDA:37,0,0,0
BRDA:39,1,0,0
BRDA:39,1,1,0
BRDA:47,2,0,0
BRDA:47,2,1,0
BRDA:55,3,0,0
BRDA:55,3,1,0
BRDA:64,4,0,0
BRDA:64,4,1,0
BRF:9
BRH:0
end_of_record
TN:
SF:src\modules\orders\services\FindOrderService.ts
FN:11,(anonymous_17)
FN:13,FindOrderService
FN:18,(anonymous_19)
FNF:3
FNH:0
FNDA:0,(anonymous_17)
FNDA:0,FindOrderService
FNDA:0,(anonymous_19)
DA:2,0
DA:11,0
DA:15,0
DA:18,0
DA:20,0
DA:22,0
DA:26,0
DA:28,0
LF:8
LH:0
BRDA:20,0,0,0
BRF:1
BRH:0
end_of_record
TN:
SF:src\modules\products\services\CreateCategoryService.ts
FN:12,(anonymous_18)
FN:13,CreateCategoryService
FN:20,(anonymous_20)
FNF:3
FNH:0
FNDA:0,(anonymous_18)
FNDA:0,CreateCategoryService
FNDA:0,(anonymous_20)
DA:1,0
DA:2,0
DA:12,0
DA:15,0
DA:20,0
DA:21,0
DA:23,0
DA:24,0
DA:27,0
DA:32,0
DA:37,0
DA:39,0
LF:12
LH:0
BRDA:21,0,0,0
BRDA:23,1,0,0
BRDA:23,1,1,0
BRF:3
BRH:0
end_of_record
TN:
SF:src\modules\products\services\CreateProductService.ts
FN:19,(anonymous_18)
FN:20,CreateProductService
FN:30,(anonymous_20)
FNF:3
FNH:0
FNDA:0,(anonymous_18)
FNDA:0,CreateProductService
FNDA:0,(anonymous_20)
DA:1,0
DA:2,0
DA:19,0
DA:22,0
DA:25,0
DA:30,0
DA:32,0
DA:34,0
DA:35,0
DA:39,0
DA:41,0
DA:42,0
DA:43,0
DA:46,0
DA:51,0
DA:56,0
DA:58,0
LF:17
LH:0
BRDA:32,0,0,0
BRDA:34,1,0,0
BRDA:34,1,1,0
BRDA:41,2,0,0
BRDA:41,2,1,0
BRF:5
BRH:0
end_of_record
TN:
SF:src\modules\products\services\ListCategoriesService.ts
FN:6,(anonymous_17)
FN:7,ListCategoriesService
FN:13,(anonymous_19)
FNF:3
FNH:0
FNDA:0,(anonymous_17)
FNDA:0,ListCategoriesService
FNDA:0,(anonymous_19)
DA:1,0
DA:6,0
DA:9,0
DA:13,0
DA:14,0
DA:16,0
DA:21,0
DA:23,0
LF:8
LH:0
BRDA:14,0,0,0
BRF:1
BRH:0
end_of_record
TN:
SF:src\modules\products\services\ListProductsService.ts
FN:6,(anonymous_17)
FN:7,ListProductService
FN:13,(anonymous_19)
FNF:3
FNH:0
FNDA:0,(anonymous_17)
FNDA:0,ListProductService
FNDA:0,(anonymous_19)
DA:1,0
DA:6,0
DA:9,0
DA:13,0
DA:14,0
DA:16,0
DA:21,0
DA:23,0
LF:8
LH:0
BRDA:14,0,0,0
BRF:1
BRH:0
end_of_record
TN:
SF:src\modules\users\services\AuthenticateUserService.ts
FN:21,(anonymous_18)
FN:23,AuthenticateUserService
FN:31,(anonymous_20)
FNF:3
FNH:3
FNDA:1,(anonymous_18)
FNDA:3,AuthenticateUserService
FNDA:3,(anonymous_20)
DA:1,1
DA:2,1
DA:3,1
DA:4,1
DA:21,1
DA:25,3
DA:28,3
DA:31,3
DA:34,3
DA:36,3
DA:37,1
DA:39,2
DA:41,2
DA:42,1
DA:45,1
DA:47,1
DA:52,1
DA:54,1
DA:56,1
LF:19
LH:19
BRDA:34,0,0,3
BRDA:36,1,0,1
BRDA:36,1,1,2
BRDA:41,2,0,1
BRDA:41,2,1,1
BRF:5
BRH:5
end_of_record
TN:
SF:src\modules\users\services\CreateUserService.ts
FN:19,(anonymous_18)
FN:21,CreateUserService
FN:29,(anonymous_20)
FNF:3
FNH:3
FNDA:2,(anonymous_18)
FNDA:5,CreateUserService
FNDA:5,(anonymous_20)
DA:1,2
DA:3,2
DA:19,2
DA:23,5
DA:26,5
DA:29,5
DA:31,5
DA:33,5
DA:34,1
DA:37,4
DA:39,4
DA:46,4
DA:48,2
DA:50,2
LF:14
LH:14
BRDA:31,0,0,5
BRDA:33,1,0,1
BRDA:33,1,1,4
BRF:3
BRH:3
end_of_record
TN:
SF:src\modules\users\services\UpdateUserAvatarService.ts
FN:13,(anonymous_18)
FN:15,UpdateUserAvatarService
FN:23,(anonymous_20)
FNF:3
FNH:3
FNDA:1,(anonymous_18)
FNDA:3,UpdateUserAvatarService
FNDA:4,(anonymous_20)
DA:1,1
DA:2,1
DA:13,1
DA:17,3
DA:20,3
DA:23,4
DA:25,4
DA:27,4
DA:28,1
DA:31,5
DA:32,2
DA:35,3
DA:37,3
DA:39,6
DA:41,3
DA:43,1
DA:45,1
LF:17
LH:17
BRDA:25,0,0,4
BRDA:25,0,1,3
BRDA:27,1,0,1
BRDA:27,1,1,3
BRDA:31,2,0,2
BRDA:31,2,1,1
BRF:6
BRH:6
end_of_record
