TN:
SF:src\modules\orders\services\CreateOrderService.ts
FN:22,(anonymous_18)
FN:24,CreateOrderService
FN:36,(anonymous_20)
FN:52,(anonymous_23)
FN:54,(anonymous_24)
FN:61,(anonymous_25)
FN:62,(anonymous_26)
FN:69,(anonymous_27)
FN:72,(anonymous_28)
FN:83,(anonymous_29)
FN:86,(anonymous_30)
FNF:11
FNH:0
FNDA:0,(anonymous_18)
FNDA:0,CreateOrderService
FNDA:0,(anonymous_20)
FNDA:0,(anonymous_23)
FNDA:0,(anonymous_24)
FNDA:0,(anonymous_25)
FNDA:0,(anonymous_26)
FNDA:0,(anonymous_27)
FNDA:0,(anonymous_28)
FNDA:0,(anonymous_29)
FNDA:0,(anonymous_30)
DA:1,0
DA:4,0
DA:5,0
DA:22,0
DA:27,0
DA:30,0
DA:33,0
DA:36,0
DA:38,0
DA:40,0
DA:41,0
DA:44,0
DA:48,0
DA:49,0
DA:52,0
DA:54,0
DA:56,0
DA:57,0
DA:60,0
DA:62,0
DA:65,0
DA:66,0
DA:69,0
DA:72,0
DA:76,0
DA:81,0
DA:83,0
DA:86,0
DA:89,0
DA:91,0
DA:94,0
DA:96,0
LF:32
LH:0
BRDA:38,0,0,0
BRDA:40,1,0,0
BRDA:40,1,1,0
BRDA:48,2,0,0
BRDA:48,2,1,0
BRDA:56,3,0,0
BRDA:56,3,1,0
BRDA:65,4,0,0
BRDA:65,4,1,0
BRF:9
BRH:0
end_of_record
TN:
SF:src\modules\orders\services\FindOrderService.ts
FN:11,(anonymous_17)
FN:13,FindOrderService
FN:18,(anonymous_19)
FNF:3
FNH:0
FNDA:0,(anonymous_17)
FNDA:0,FindOrderService
FNDA:0,(anonymous_19)
DA:2,0
DA:11,0
DA:15,0
DA:18,0
DA:20,0
DA:22,0
DA:26,0
DA:28,0
LF:8
LH:0
BRDA:20,0,0,0
BRF:1
BRH:0
end_of_record
TN:
SF:src\modules\products\services\CreateCategoryService.ts
FN:12,(anonymous_18)
FN:13,CreateCategoryService
FN:20,(anonymous_20)
FNF:3
FNH:3
FNDA:3,(anonymous_18)
FNDA:4,CreateCategoryService
FNDA:6,(anonymous_20)
DA:1,3
DA:2,3
DA:12,3
DA:15,4
DA:20,6
DA:21,6
DA:23,6
DA:24,1
DA:27,5
DA:32,5
DA:37,3
DA:39,3
LF:12
LH:12
BRDA:21,0,0,6
BRDA:23,1,0,1
BRDA:23,1,1,5
BRF:3
BRH:3
end_of_record
TN:
SF:src\modules\products\services\CreateProductService.ts
FN:19,(anonymous_18)
FN:20,CreateProductService
FN:30,(anonymous_20)
FNF:3
FNH:3
FNDA:2,(anonymous_18)
FNDA:4,CreateProductService
FNDA:5,(anonymous_20)
DA:1,2
DA:2,2
DA:19,2
DA:22,4
DA:25,4
DA:30,5
DA:32,5
DA:34,5
DA:35,1
DA:39,4
DA:41,4
DA:42,1
DA:43,1
DA:46,3
DA:51,3
DA:56,2
DA:58,2
LF:17
LH:17
BRDA:32,0,0,5
BRDA:34,1,0,1
BRDA:34,1,1,4
BRDA:41,2,0,1
BRDA:41,2,1,3
BRF:5
BRH:5
end_of_record
TN:
SF:src\modules\products\services\ListCategoriesService.ts
FN:6,(anonymous_17)
FN:7,ListCategoriesService
FN:13,(anonymous_19)
FNF:3
FNH:3
FNDA:1,(anonymous_17)
FNDA:1,ListCategoriesService
FNDA:1,(anonymous_19)
DA:1,1
DA:6,1
DA:9,1
DA:13,1
DA:15,1
DA:17,1
DA:22,1
DA:24,1
LF:8
LH:8
BRDA:15,0,0,1
BRF:1
BRH:1
end_of_record
TN:
SF:src\modules\products\services\ListProductsService.ts
FN:7,(anonymous_17)
FN:8,ListProductService
FN:14,(anonymous_19)
FNF:3
FNH:3
FNDA:1,(anonymous_17)
FNDA:1,ListProductService
FNDA:1,(anonymous_19)
DA:1,1
DA:2,1
DA:7,1
DA:10,1
DA:14,1
DA:15,1
DA:17,1
DA:22,1
DA:24,1
LF:9
LH:9
BRDA:15,0,0,1
BRF:1
BRH:1
end_of_record
TN:
SF:src\modules\users\services\AuthenticateUserService.ts
FN:21,(anonymous_18)
FN:23,AuthenticateUserService
FN:31,(anonymous_20)
FNF:3
FNH:3
FNDA:1,(anonymous_18)
FNDA:3,AuthenticateUserService
FNDA:3,(anonymous_20)
DA:1,1
DA:2,1
DA:3,1
DA:4,1
DA:21,1
DA:25,3
DA:28,3
DA:31,3
DA:34,3
DA:36,3
DA:37,1
DA:39,2
DA:41,2
DA:42,1
DA:45,1
DA:47,1
DA:52,1
DA:54,1
DA:56,1
LF:19
LH:19
BRDA:34,0,0,3
BRDA:36,1,0,1
BRDA:36,1,1,2
BRDA:41,2,0,1
BRDA:41,2,1,1
BRF:5
BRH:5
end_of_record
TN:
SF:src\modules\users\services\CreateUserService.ts
FN:19,(anonymous_18)
FN:21,CreateUserService
FN:29,(anonymous_20)
FNF:3
FNH:3
FNDA:2,(anonymous_18)
FNDA:5,CreateUserService
FNDA:5,(anonymous_20)
DA:1,2
DA:3,2
DA:19,2
DA:23,5
DA:26,5
DA:29,5
DA:31,5
DA:33,5
DA:34,1
DA:37,4
DA:39,4
DA:46,4
DA:48,2
DA:50,2
LF:14
LH:14
BRDA:31,0,0,5
BRDA:33,1,0,1
BRDA:33,1,1,4
BRF:3
BRH:3
end_of_record
TN:
SF:src\modules\users\services\ResetPasswordService.ts
FN:17,(anonymous_18)
FN:18,ResetPasswordService
FN:31,(anonymous_20)
FNF:3
FNH:3
FNDA:1,(anonymous_18)
FNDA:1,ResetPasswordService
FNDA:4,(anonymous_20)
DA:1,1
DA:2,1
DA:3,1
DA:5,1
DA:17,1
DA:21,1
DA:24,1
DA:27,1
DA:31,4
DA:33,4
DA:35,4
DA:36,1
DA:39,3
DA:41,3
DA:42,1
DA:45,2
DA:46,2
DA:49,2
DA:50,1
DA:53,1
DA:55,2
DA:58,1
LF:22
LH:22
BRDA:33,0,0,4
BRDA:35,1,0,1
BRDA:35,1,1,3
BRDA:41,2,0,1
BRDA:41,2,1,2
BRDA:49,3,0,1
BRDA:49,3,1,1
BRF:7
BRH:7
end_of_record
TN:
SF:src\modules\users\services\SendForgotPasswordService.ts
FN:13,(anonymous_18)
FN:14,SendForgotPasswordEmailService
FN:25,(anonymous_20)
FNF:3
FNH:3
FNDA:1,(anonymous_18)
FNDA:3,SendForgotPasswordEmailService
FNDA:3,(anonymous_20)
DA:1,1
DA:2,1
DA:3,1
DA:13,1
DA:16,3
DA:19,3
DA:22,3
DA:25,3
DA:26,3
DA:28,3
DA:29,1
DA:32,2
DA:34,2
DA:36,4
DA:51,1
DA:53,1
LF:16
LH:16
BRDA:26,0,0,3
BRDA:28,1,0,1
BRDA:28,1,1,2
BRF:3
BRH:3
end_of_record
TN:
SF:src\modules\users\services\ShowProfileService.ts
FN:11,(anonymous_18)
FN:12,ShowProfileService
FN:18,(anonymous_20)
FNF:3
FNH:3
FNDA:1,(anonymous_18)
FNDA:2,ShowProfileService
FNDA:2,(anonymous_20)
DA:1,1
DA:2,1
DA:11,1
DA:15,2
DA:18,2
DA:19,2
DA:21,2
DA:22,1
DA:25,1
DA:28,1
LF:10
LH:10
BRDA:19,0,0,2
BRDA:21,1,0,1
BRDA:21,1,1,1
BRF:3
BRH:3
end_of_record
TN:
SF:src\modules\users\services\UpdateProfileService.ts
FN:18,(anonymous_18)
FN:19,UpdateProfileService
FN:30,(anonymous_20)
FNF:3
FNH:3
FNDA:1,(anonymous_18)
FNDA:6,UpdateProfileService
FNDA:6,(anonymous_20)
DA:1,1
DA:2,1
DA:18,1
DA:22,6
DA:25,6
DA:30,6
DA:32,6
DA:34,6
DA:35,1
DA:38,5
DA:40,5
DA:41,1
DA:44,4
DA:45,4
DA:47,4
DA:48,1
DA:54,4
DA:56,2
DA:58,2
DA:59,1
DA:62,1
DA:67,2
DA:71,1
LF:23
LH:23
BRDA:32,0,0,6
BRDA:32,0,1,2
BRDA:34,1,0,1
BRDA:34,1,1,5
BRDA:40,2,0,1
BRDA:40,2,1,4
BRDA:40,3,0,5
BRDA:40,3,1,4
BRDA:47,4,0,1
BRDA:47,4,1,3
BRDA:47,5,0,4
BRDA:47,5,1,3
BRDA:54,6,0,1
BRDA:54,6,1,2
BRDA:54,7,0,3
BRDA:54,7,1,2
BRDA:58,8,0,1
BRDA:58,8,1,1
BRF:18
BRH:18
end_of_record
TN:
SF:src\modules\users\services\UpdateUserAvatarService.ts
FN:13,(anonymous_18)
FN:15,UpdateUserAvatarService
FN:23,(anonymous_20)
FNF:3
FNH:3
FNDA:1,(anonymous_18)
FNDA:3,UpdateUserAvatarService
FNDA:4,(anonymous_20)
DA:1,1
DA:2,1
DA:13,1
DA:17,3
DA:20,3
DA:23,4
DA:25,4
DA:27,4
DA:28,1
DA:31,5
DA:32,2
DA:35,3
DA:37,3
DA:39,6
DA:41,3
DA:43,1
DA:45,1
LF:17
LH:17
BRDA:25,0,0,4
BRDA:25,0,1,3
BRDA:27,1,0,1
BRDA:27,1,1,3
BRDA:31,2,0,2
BRDA:31,2,1,1
BRF:6
BRH:6
end_of_record
